Execute Anonymous

================================

Account[] a = [
    Select Id, Name, Type
    From Account
];
GS_Mapper mapper = new GS_Mapper();
Object obj = mapper.mapTo(a[0], GS_AccountWrapper.class, null); 

================================

28.0 APEX_CODE,DEBUG;APEX_PROFILING,DEBUG;CALLOUT,INFO;DB,INFO;VALIDATION,INFO;WORKFLOW,INFO
Execute Anonymous: Account[] a = [
Execute Anonymous:     Select Id, Name, Type
Execute Anonymous:     From Account
Execute Anonymous: ];
Execute Anonymous: GS_Mapper mapper = new GS_Mapper();
Execute Anonymous: Object obj = mapper.mapTo(a[0], GS_AccountWrapper.class, null); 
23:04:01.742 (1742231497)|EXECUTION_STARTED
23:04:01.742 (1742243703)|CODE_UNIT_STARTED|[EXTERNAL]|execute_anonymous_apex
23:04:01.747 (1747998817)|SOQL_EXECUTE_BEGIN|[1]|Aggregations:0|SELECT Id, Name, Type FROM Account
23:04:01.757 (1757545318)|SOQL_EXECUTE_END|[1]|Rows:12
23:04:01.757 (1757764341)|METHOD_ENTRY|[1]|01pw0000003c2aM|GS_Mapper.GS_Mapper()
23:04:01.757 (1757788686)|METHOD_EXIT|[1]|GS_Mapper
23:04:01.757 (1757917369)|CONSTRUCTOR_ENTRY|[5]|01pw0000003c2aM|<init>()
23:04:01.757 (1757981678)|CONSTRUCTOR_EXIT|[5]|01pw0000003c2aM|<init>()
23:04:01.761 (1761779176)|METHOD_ENTRY|[6]|01pw0000003c2aM|GS_Mapper.mapTo(SObject, system.Type, Map<String,String>)
23:04:01.761 (1761863838)|METHOD_ENTRY|[18]|01pw0000003c2aM|GS_Mapper.autoMap(SObject, system.Type)
23:04:01.767 (1767393982)|METHOD_ENTRY|[1]|01pw0000003c2ab|GS_AccountWrapper.GS_AccountWrapper()
23:04:01.767 (1767415569)|METHOD_EXIT|[1]|GS_AccountWrapper
23:04:01.767 (1767636501)|METHOD_EXIT|[18]|01pw0000003c2aM|GS_Mapper.autoMap(SObject, system.Type)
23:04:01.767 (1767650348)|METHOD_EXIT|[6]|01pw0000003c2aM|GS_Mapper.mapTo(SObject, system.Type, Map<String,String>)
23:04:02.600 (1767711710)|CUMULATIVE_LIMIT_USAGE
23:04:02.600|LIMIT_USAGE_FOR_NS|(default)|
  Number of SOQL queries: 1 out of 100
  Number of query rows: 12 out of 50000
  Number of SOSL queries: 0 out of 20
  Number of DML statements: 0 out of 150
  Number of DML rows: 0 out of 10000
  Maximum CPU time: 0 out of 10000
  Maximum heap size: 0 out of 6000000
  Number of callouts: 0 out of 100
  Number of Email Invocations: 0 out of 10
  Number of future calls: 0 out of 50
  Number of queueable jobs added to the queue: 0 out of 50
  Number of Mobile Apex push calls: 0 out of 10

23:04:02.600|CUMULATIVE_LIMIT_USAGE_END

23:04:01.767 (1767757147)|CODE_UNIT_FINISHED|execute_anonymous_apex
23:04:01.770 (1770068009)|EXECUTION_FINISHED