Execute Anonymous

================================

Account[] a = [Select Type From Account];
System.debug(a[0].getSobjectType());
System.debug(JSON.serialize(a[0]));

================================

28.0 APEX_CODE,DEBUG;APEX_PROFILING,DEBUG;CALLOUT,INFO;DB,INFO;VALIDATION,INFO;WORKFLOW,INFO
Execute Anonymous: Account[] a = [Select Type From Account];
Execute Anonymous: System.debug(a[0].getSobjectType());
Execute Anonymous: System.debug(JSON.serialize(a[0]));
19:53:58.046 (46825046)|EXECUTION_STARTED
19:53:58.046 (46835553)|CODE_UNIT_STARTED|[EXTERNAL]|execute_anonymous_apex
19:53:58.047 (47818346)|SOQL_EXECUTE_BEGIN|[1]|Aggregations:0|SELECT Type FROM Account
19:53:58.051 (51107392)|SOQL_EXECUTE_END|[1]|Rows:12
19:53:58.051 (51360289)|USER_DEBUG|[2]|DEBUG|Account
19:53:58.051 (51652321)|USER_DEBUG|[3]|DEBUG|{"attributes":{"type":"Account","url":"/services/data/v33.0/sobjects/Account/001w000001BzLm2AAF"},"Type":"Customer - Channel","Id":"001w000001BzLm2AAF"}
19:53:58.960 (51707572)|CUMULATIVE_LIMIT_USAGE
19:53:58.960|LIMIT_USAGE_FOR_NS|(default)|
  Number of SOQL queries: 1 out of 100
  Number of query rows: 12 out of 50000
  Number of SOSL queries: 0 out of 20
  Number of DML statements: 0 out of 150
  Number of DML rows: 0 out of 10000
  Maximum CPU time: 0 out of 10000
  Maximum heap size: 0 out of 6000000
  Number of callouts: 0 out of 100
  Number of Email Invocations: 0 out of 10
  Number of future calls: 0 out of 50
  Number of queueable jobs added to the queue: 0 out of 50
  Number of Mobile Apex push calls: 0 out of 10

19:53:58.960|CUMULATIVE_LIMIT_USAGE_END

19:53:58.051 (51761254)|CODE_UNIT_FINISHED|execute_anonymous_apex
19:53:58.052 (52865066)|EXECUTION_FINISHED