Execute Anonymous

================================

Account[] a = [Select Type From Account];
System.debug(a[0].getSobjectType().getDescribe().fields);
System.debug(JSON.serialize(a[0]));

================================

28.0 APEX_CODE,DEBUG;APEX_PROFILING,DEBUG;CALLOUT,INFO;DB,INFO;VALIDATION,INFO;WORKFLOW,INFO
Execute Anonymous: Account[] a = [Select Type From Account];
Execute Anonymous: System.debug(a[0].getSobjectType().getDescribe().fields);
Execute Anonymous: System.debug(JSON.serialize(a[0]));
20:14:38.036 (36143235)|EXECUTION_STARTED
20:14:38.036 (36157126)|CODE_UNIT_STARTED|[EXTERNAL]|execute_anonymous_apex
20:14:38.036 (36766726)|SOQL_EXECUTE_BEGIN|[1]|Aggregations:0|SELECT Type FROM Account
20:14:38.040 (40071345)|SOQL_EXECUTE_END|[1]|Rows:12
20:14:38.041 (41120360)|USER_DEBUG|[2]|DEBUG|Fields[Account]
20:14:38.041 (41375615)|USER_DEBUG|[3]|DEBUG|{"attributes":{"type":"Account","url":"/services/data/v33.0/sobjects/Account/001w000001BzLm2AAF"},"Type":"Customer - Channel","Id":"001w000001BzLm2AAF"}
20:14:38.711 (41447007)|CUMULATIVE_LIMIT_USAGE
20:14:38.711|LIMIT_USAGE_FOR_NS|(default)|
  Number of SOQL queries: 1 out of 100
  Number of query rows: 12 out of 50000
  Number of SOSL queries: 0 out of 20
  Number of DML statements: 0 out of 150
  Number of DML rows: 0 out of 10000
  Maximum CPU time: 0 out of 10000
  Maximum heap size: 0 out of 6000000
  Number of callouts: 0 out of 100
  Number of Email Invocations: 0 out of 10
  Number of future calls: 0 out of 50
  Number of queueable jobs added to the queue: 0 out of 50
  Number of Mobile Apex push calls: 0 out of 10

20:14:38.711|CUMULATIVE_LIMIT_USAGE_END

20:14:38.041 (41493514)|CODE_UNIT_FINISHED|execute_anonymous_apex
20:14:38.042 (42911048)|EXECUTION_FINISHED