Execute Anonymous

================================

Account[] a = [
    Select Id, Name, Type
    From Account
];
GS_Mapper mapper = new GS_Mapper();
Object obj = mapper.mapTo(a[0], GS_AccountWrapper.class, null); 
System.debug(obj);

================================

28.0 APEX_CODE,DEBUG;APEX_PROFILING,DEBUG;CALLOUT,INFO;DB,INFO;VALIDATION,INFO;WORKFLOW,INFO
Execute Anonymous: Account[] a = [
Execute Anonymous:     Select Id, Name, Type
Execute Anonymous:     From Account
Execute Anonymous: ];
Execute Anonymous: GS_Mapper mapper = new GS_Mapper();
Execute Anonymous: Object obj = mapper.mapTo(a[0], GS_AccountWrapper.class, null); 
Execute Anonymous: System.debug(obj);
23:04:42.046 (46394368)|EXECUTION_STARTED
23:04:42.046 (46409089)|CODE_UNIT_STARTED|[EXTERNAL]|execute_anonymous_apex
23:04:42.049 (49561969)|SOQL_EXECUTE_BEGIN|[1]|Aggregations:0|SELECT Id, Name, Type FROM Account
23:04:42.052 (52877029)|SOQL_EXECUTE_END|[1]|Rows:12
23:04:42.052 (52978474)|METHOD_ENTRY|[1]|01pw0000003c2aM|GS_Mapper.GS_Mapper()
23:04:42.052 (52991797)|METHOD_EXIT|[1]|GS_Mapper
23:04:42.053 (53070969)|CONSTRUCTOR_ENTRY|[5]|01pw0000003c2aM|<init>()
23:04:42.053 (53122338)|CONSTRUCTOR_EXIT|[5]|01pw0000003c2aM|<init>()
23:04:42.056 (56103540)|METHOD_ENTRY|[6]|01pw0000003c2aM|GS_Mapper.mapTo(SObject, system.Type, Map<String,String>)
23:04:42.056 (56159243)|METHOD_ENTRY|[18]|01pw0000003c2aM|GS_Mapper.autoMap(SObject, system.Type)
23:04:42.058 (58681641)|METHOD_ENTRY|[1]|01pw0000003c2ab|GS_AccountWrapper.GS_AccountWrapper()
23:04:42.058 (58696154)|METHOD_EXIT|[1]|GS_AccountWrapper
23:04:42.058 (58855023)|METHOD_EXIT|[18]|01pw0000003c2aM|GS_Mapper.autoMap(SObject, system.Type)
23:04:42.058 (58866530)|METHOD_EXIT|[6]|01pw0000003c2aM|GS_Mapper.mapTo(SObject, system.Type, Map<String,String>)
23:04:42.058 (58919123)|USER_DEBUG|[7]|DEBUG|null
23:04:42.634 (58971225)|CUMULATIVE_LIMIT_USAGE
23:04:42.634|LIMIT_USAGE_FOR_NS|(default)|
  Number of SOQL queries: 1 out of 100
  Number of query rows: 12 out of 50000
  Number of SOSL queries: 0 out of 20
  Number of DML statements: 0 out of 150
  Number of DML rows: 0 out of 10000
  Maximum CPU time: 0 out of 10000
  Maximum heap size: 0 out of 6000000
  Number of callouts: 0 out of 100
  Number of Email Invocations: 0 out of 10
  Number of future calls: 0 out of 50
  Number of queueable jobs added to the queue: 0 out of 50
  Number of Mobile Apex push calls: 0 out of 10

23:04:42.634|CUMULATIVE_LIMIT_USAGE_END

23:04:42.059 (59018546)|CODE_UNIT_FINISHED|execute_anonymous_apex
23:04:42.060 (60255066)|EXECUTION_FINISHED