Execute Anonymous

================================

Account[] a = [Select Type From Account];
System.debug(a[0].getSobjectType().getDescribe().fieldSets);
System.debug(JSON.serialize(a[0]));

================================

28.0 APEX_CODE,DEBUG;APEX_PROFILING,DEBUG;CALLOUT,INFO;DB,INFO;VALIDATION,INFO;WORKFLOW,INFO
Execute Anonymous: Account[] a = [Select Type From Account];
Execute Anonymous: System.debug(a[0].getSobjectType().getDescribe().fieldSets);
Execute Anonymous: System.debug(JSON.serialize(a[0]));
20:15:25.043 (43737730)|EXECUTION_STARTED
20:15:25.043 (43755450)|CODE_UNIT_STARTED|[EXTERNAL]|execute_anonymous_apex
20:15:25.044 (44387504)|SOQL_EXECUTE_BEGIN|[1]|Aggregations:0|SELECT Type FROM Account
20:15:25.047 (47505939)|SOQL_EXECUTE_END|[1]|Rows:12
20:15:25.048 (48315411)|USER_DEBUG|[2]|DEBUG|FieldSets[Account]
20:15:25.048 (48568313)|USER_DEBUG|[3]|DEBUG|{"attributes":{"type":"Account","url":"/services/data/v33.0/sobjects/Account/001w000001BzLm2AAF"},"Type":"Customer - Channel","Id":"001w000001BzLm2AAF"}
20:15:25.906 (48618813)|CUMULATIVE_LIMIT_USAGE
20:15:25.906|LIMIT_USAGE_FOR_NS|(default)|
  Number of SOQL queries: 1 out of 100
  Number of query rows: 12 out of 50000
  Number of SOSL queries: 0 out of 20
  Number of DML statements: 0 out of 150
  Number of DML rows: 0 out of 10000
  Maximum CPU time: 0 out of 10000
  Maximum heap size: 0 out of 6000000
  Number of callouts: 0 out of 100
  Number of Email Invocations: 0 out of 10
  Number of future calls: 0 out of 50
  Number of queueable jobs added to the queue: 0 out of 50
  Number of Mobile Apex push calls: 0 out of 10

20:15:25.906|CUMULATIVE_LIMIT_USAGE_END

20:15:25.048 (48659443)|CODE_UNIT_FINISHED|execute_anonymous_apex
20:15:25.049 (49833530)|EXECUTION_FINISHED