Execute Anonymous

================================

Account[] a = [
    Select Id, Name, Type
    From Account
];
System.debug(JSON.serialize(a[0]));
GS_Mapper mapper = new GS_Mapper();
Object obj = mapper.mapTo(a[0], GS_AccountWrapper.class, null); 
System.debug(obj);

================================

28.0 APEX_CODE,DEBUG;APEX_PROFILING,DEBUG;CALLOUT,INFO;DB,INFO;VALIDATION,INFO;WORKFLOW,INFO
Execute Anonymous: Account[] a = [
Execute Anonymous:     Select Id, Name, Type
Execute Anonymous:     From Account
Execute Anonymous: ];
Execute Anonymous: System.debug(JSON.serialize(a[0]));
Execute Anonymous: GS_Mapper mapper = new GS_Mapper();
Execute Anonymous: Object obj = mapper.mapTo(a[0], GS_AccountWrapper.class, null); 
Execute Anonymous: System.debug(obj);
23:06:24.066 (66385889)|EXECUTION_STARTED
23:06:24.066 (66404051)|CODE_UNIT_STARTED|[EXTERNAL]|execute_anonymous_apex
23:06:24.069 (69385921)|SOQL_EXECUTE_BEGIN|[1]|Aggregations:0|SELECT Id, Name, Type FROM Account
23:06:24.072 (72425144)|SOQL_EXECUTE_END|[1]|Rows:12
23:06:24.072 (72754459)|USER_DEBUG|[5]|DEBUG|{"attributes":{"type":"Account","url":"/services/data/v33.0/sobjects/Account/001w000001BzLm2AAF"},"Name":"GenePoint","Type":"Customer - Channel","Id":"001w000001BzLm2AAF"}
23:06:24.072 (72795486)|METHOD_ENTRY|[1]|01pw0000003c2aM|GS_Mapper.GS_Mapper()
23:06:24.072 (72807828)|METHOD_EXIT|[1]|GS_Mapper
23:06:24.072 (72865594)|CONSTRUCTOR_ENTRY|[6]|01pw0000003c2aM|<init>()
23:06:24.072 (72908370)|CONSTRUCTOR_EXIT|[6]|01pw0000003c2aM|<init>()
23:06:24.076 (76047927)|METHOD_ENTRY|[7]|01pw0000003c2aM|GS_Mapper.mapTo(SObject, system.Type, Map<String,String>)
23:06:24.076 (76095139)|METHOD_ENTRY|[18]|01pw0000003c2aM|GS_Mapper.autoMap(SObject, system.Type)
23:06:24.077 (77007219)|METHOD_ENTRY|[1]|01pw0000003c2ab|GS_AccountWrapper.GS_AccountWrapper()
23:06:24.077 (77021869)|METHOD_EXIT|[1]|GS_AccountWrapper
23:06:24.077 (77166706)|METHOD_EXIT|[18]|01pw0000003c2aM|GS_Mapper.autoMap(SObject, system.Type)
23:06:24.077 (77180910)|METHOD_EXIT|[7]|01pw0000003c2aM|GS_Mapper.mapTo(SObject, system.Type, Map<String,String>)
23:06:24.077 (77255840)|USER_DEBUG|[8]|DEBUG|GS_AccountWrapper:[AnnualRevenue=null, Id=001w000001BzLm2AAF, Name=GenePoint, NumberOfEmployees=null, Owner=null, Type=Customer - Channel]
23:06:24.504 (77308999)|CUMULATIVE_LIMIT_USAGE
23:06:24.504|LIMIT_USAGE_FOR_NS|(default)|
  Number of SOQL queries: 1 out of 100
  Number of query rows: 12 out of 50000
  Number of SOSL queries: 0 out of 20
  Number of DML statements: 0 out of 150
  Number of DML rows: 0 out of 10000
  Maximum CPU time: 0 out of 10000
  Maximum heap size: 0 out of 6000000
  Number of callouts: 0 out of 100
  Number of Email Invocations: 0 out of 10
  Number of future calls: 0 out of 50
  Number of queueable jobs added to the queue: 0 out of 50
  Number of Mobile Apex push calls: 0 out of 10

23:06:24.504|CUMULATIVE_LIMIT_USAGE_END

23:06:24.077 (77354220)|CODE_UNIT_FINISHED|execute_anonymous_apex
23:06:24.078 (78650892)|EXECUTION_FINISHED