Execute Anonymous

================================

Account[] a = [Select Id, Name, Type From Account];
System.debug(JSON.serialize(a[0]));

================================

28.0 APEX_CODE,DEBUG;APEX_PROFILING,DEBUG;CALLOUT,INFO;DB,INFO;VALIDATION,INFO;WORKFLOW,INFO
Execute Anonymous: Account[] a = [Select Id, Name, Type From Account];
Execute Anonymous: System.debug(JSON.serialize(a[0]));
19:50:46.046 (46816889)|EXECUTION_STARTED
19:50:46.046 (46830050)|CODE_UNIT_STARTED|[EXTERNAL]|execute_anonymous_apex
19:50:46.047 (47539920)|SOQL_EXECUTE_BEGIN|[1]|Aggregations:0|SELECT Id, Name, Type FROM Account
19:50:46.184 (184164970)|SOQL_EXECUTE_END|[1]|Rows:12
19:50:46.184 (184660793)|USER_DEBUG|[2]|DEBUG|{"attributes":{"type":"Account","url":"/services/data/v33.0/sobjects/Account/001w000001BzLm2AAF"},"Name":"GenePoint","Type":"Customer - Channel","Id":"001w000001BzLm2AAF"}
19:50:46.359 (184712101)|CUMULATIVE_LIMIT_USAGE
19:50:46.359|LIMIT_USAGE_FOR_NS|(default)|
  Number of SOQL queries: 1 out of 100
  Number of query rows: 12 out of 50000
  Number of SOSL queries: 0 out of 20
  Number of DML statements: 0 out of 150
  Number of DML rows: 0 out of 10000
  Maximum CPU time: 0 out of 10000
  Maximum heap size: 0 out of 6000000
  Number of callouts: 0 out of 100
  Number of Email Invocations: 0 out of 10
  Number of future calls: 0 out of 50
  Number of queueable jobs added to the queue: 0 out of 50
  Number of Mobile Apex push calls: 0 out of 10

19:50:46.359|CUMULATIVE_LIMIT_USAGE_END

19:50:46.184 (184756987)|CODE_UNIT_FINISHED|execute_anonymous_apex
19:50:46.186 (186056656)|EXECUTION_FINISHED